<?xml version="1.0" encoding="UTF-8"?>
<testng-results skipped="0" failed="0" ignored="0" total="1" passed="1">
  <reporter-output>
  </reporter-output>
  <suite name="Surefire suite" duration-ms="2124" started-at="2021-02-20T12:23:35 IST" finished-at="2021-02-20T12:23:37 IST">
    <groups>
      <group name="cucumber">
        <method signature="AbstractTestNGCucumberTests.runScenario(io.cucumber.testng.PickleWrapper, io.cucumber.testng.FeatureWrapper)[pri:0, instance:TestRunners.GoogleTest@4f970963]" name="runScenario" class="io.cucumber.testng.AbstractTestNGCucumberTests"/>
      </group> <!-- cucumber -->
    </groups>
    <test name="Surefire test" duration-ms="2124" started-at="2021-02-20T12:23:35 IST" finished-at="2021-02-20T12:23:37 IST">
      <class name="TestRunners.GoogleTest">
        <test-method status="PASS" signature="setUpClass()[pri:0, instance:TestRunners.GoogleTest@4f970963]" name="setUpClass" is-config="true" duration-ms="1157" started-at="2021-02-20T12:23:35 IST" finished-at="2021-02-20T12:23:36 IST">
          <reporter-output>
          </reporter-output>
        </test-method> <!-- setUpClass -->
        <test-method status="PASS" signature="runScenario(io.cucumber.testng.PickleWrapper, io.cucumber.testng.FeatureWrapper)[pri:0, instance:TestRunners.GoogleTest@4f970963]" name="runScenario" duration-ms="533" started-at="2021-02-20T12:23:36 IST" description="Runs Cucumber Scenarios" data-provider="scenarios" finished-at="2021-02-20T12:23:36 IST">
          <params>
            <param index="0">
              <value>
                <![CDATA["Open Google"]]>
              </value>
            </param>
            <param index="1">
              <value>
                <![CDATA["Optional[Google search]"]]>
              </value>
            </param>
          </params>
          <reporter-output>
          </reporter-output>
        </test-method> <!-- runScenario -->
        <test-method status="PASS" signature="tearDownClass()[pri:0, instance:TestRunners.GoogleTest@4f970963]" name="tearDownClass" is-config="true" duration-ms="364" started-at="2021-02-20T12:23:36 IST" finished-at="2021-02-20T12:23:37 IST">
          <reporter-output>
          </reporter-output>
        </test-method> <!-- tearDownClass -->
      </class> <!-- TestRunners.GoogleTest -->
    </test> <!-- Surefire test -->
  </suite> <!-- Surefire suite -->
</testng-results>
